<html>
<head>
<title>TestNG:  FrontStream-Firefox</title>
<link href="../testng.css" rel="stylesheet" type="text/css" />
<link href="../my-testng.css" rel="stylesheet" type="text/css" />

<style type="text/css">
.log { display: none;} 
.stack-trace { display: none;} 
</style>
<script type="text/javascript">
<!--
function flip(e) {
  current = e.style.display;
  if (current == 'block') {
    e.style.display = 'none';
    return 0;
  }
  else {
    e.style.display = 'block';
    return 1;
  }
}

function toggleBox(szDivId, elem, msg1, msg2)
{
  var res = -1;  if (document.getElementById) {
    res = flip(document.getElementById(szDivId));
  }
  else if (document.all) {
    // this is the way old msie versions work
    res = flip(document.all[szDivId]);
  }
  if(elem) {
    if(res == 0) elem.innerHTML = msg1; else elem.innerHTML = msg2;
  }

}

function toggleAllBoxes() {
  if (document.getElementsByTagName) {
    d = document.getElementsByTagName('div');
    for (i = 0; i < d.length; i++) {
      if (d[i].className == 'log') {
        flip(d[i]);
      }
    }
  }
}

// -->
</script>

</head>
<body>
<h2 align='center'>FrontStream-Firefox</h2><table border='1' align="center">
<tr>
<td>Tests passed/Failed/Skipped:</td><td>0/0/1</td>
</tr><tr>
<td>Started on:</td><td>Fri Sep 22 10:29:19 EDT 2017</td>
</tr>
<tr><td>Total time:</td><td>47 seconds (47865 ms)</td>
</tr><tr>
<td>Included groups:</td><td></td>
</tr><tr>
<td>Excluded groups:</td><td></td>
</tr>
</table><p/>
<small><i>(Hover the method name to see the test class name)</i></small><p/>
<table width='100%' border='1' class='invocation-failed'>
<tr><td colspan='4' align='center'><b>FAILED CONFIGURATIONS</b></td></tr>
<tr><td><b>Test method</b></td>
<td width="30%"><b>Exception</b></td>
<td width="10%"><b>Time (seconds)</b></td>
<td><b>Instance</b></td>
</tr>
<tr>
<td title='Frontstream.scripts.CMAdminLogin.beforeClass()'><b>beforeClass</b><br>Test class: Frontstream.scripts.CMAdminLogin<br>Parameters: Selenium, firefox, 55, local, Windows 10, </td>
<td><div><pre>org.openqa.selenium.WebDriverException: Failed to connect to binary FirefoxBinary(C:\Program Files\Mozilla Firefox\firefox.exe) on port 7055; process output follows: 
erimentProvider
1506090562457	addons.manager	DEBUG	Provider finished startup: PreviousExperimentProvider
1506090562458	DeferredSave.extensions.json	DEBUG	Starting write
1506090562480	DeferredSave.extensions.json	DEBUG	Write succeeded
1506090562483	DeferredSave.addons.json	DEBUG	Starting write
1506090562497	DeferredSave.addons.json	DEBUG	Write succeeded
1506090563352	addons.manager	DEBUG	Starting provider: &lt;unnamed-provider&gt;
1506090563353	addons.manager	DEBUG	Registering shutdown blocker for &lt;unnamed-provider&gt;
1506090563353	addons.manager	DEBUG	Provider finished startup: &lt;unnamed-provider&gt;
1506090563355	addons.xpi	INFO	Mapping fxdriver@googlecode.com to C:\Users\SANDEE~1.VAD\AppData\Local\Temp\anonymous3838568721964617595webdriver-profile\extensions\fxdriver@googlecode.com
1506090563356	addons.xpi	DEBUG	Ignoring file entry whose name is not a valid add-on ID: C:\Users\SANDEE~1.VAD\AppData\Local\Temp\anonymous3838568721964617595webdriver-profile\extensions\webdriver-staging
1506090563356	addons.xpi	DEBUG	Existing add-on fxdriver@googlecode.com in app-profile
1506090563356	addons.xpi	INFO	Mapping aushelper@mozilla.org to C:\Program Files\Mozilla Firefox\browser\features\aushelper@mozilla.org.xpi
1506090563357	addons.xpi	INFO	Mapping clicktoplay-rollout@mozilla.org to C:\Program Files\Mozilla Firefox\browser\features\clicktoplay-rollout@mozilla.org.xpi
1506090563357	addons.xpi	INFO	Mapping e10srollout@mozilla.org to C:\Program Files\Mozilla Firefox\browser\features\e10srollout@mozilla.org.xpi
1506090563358	addons.xpi	INFO	Mapping firefox@getpocket.com to C:\Program Files\Mozilla Firefox\browser\features\firefox@getpocket.com.xpi
1506090563358	addons.xpi	INFO	Mapping followonsearch@mozilla.com to C:\Program Files\Mozilla Firefox\browser\features\followonsearch@mozilla.com.xpi
1506090563359	addons.xpi	INFO	Mapping screenshots@mozilla.org to C:\Program Files\Mozilla Firefox\browser\features\screenshots@mozilla.org.xpi
1506090563359	addons.xpi	INFO	Mapping shield-recipe-client@mozilla.org to C:\Program Files\Mozilla Firefox\browser\features\shield-recipe-client@mozilla.org.xpi
1506090563359	addons.xpi	INFO	Mapping webcompat@mozilla.org to C:\Program Files\Mozilla Firefox\browser\features\webcompat@mozilla.org.xpi
1506090563359	addons.xpi	DEBUG	Existing add-on aushelper@mozilla.org in app-system-defaults
1506090563360	addons.xpi	DEBUG	Existing add-on clicktoplay-rollout@mozilla.org in app-system-defaults
1506090563360	addons.xpi	DEBUG	Existing add-on e10srollout@mozilla.org in app-system-defaults
1506090563360	addons.xpi	DEBUG	Existing add-on firefox@getpocket.com in app-system-defaults
1506090563361	addons.xpi	DEBUG	Existing add-on followonsearch@mozilla.com in app-system-defaults
1506090563361	addons.xpi	DEBUG	Existing add-on screenshots@mozilla.org in app-system-defaults
1506090563361	addons.xpi	DEBUG	Existing add-on shield-recipe-client@mozilla.org in app-system-defaults
1506090563362	addons.xpi	DEBUG	Existing add-on webcompat@mozilla.org in app-system-defaults
1506090563363	addons.xpi	INFO	Mapping {972ce4c6-7e08-4474-a285-3208198ce6fd} to C:\Program Files\Mozilla Firefox\browser\extensions\{972ce4c6-7e08-4474-a285-3208198ce6fd}.xpi
1506090563363	addons.xpi	DEBUG	Existing add-on {972ce4c6-7e08-4474-a285-3208198ce6fd} in app-global
1506090563363	addons.xpi	DEBUG	getInstallState changed: false, state: {}
1506090563451	addons.productaddons	INFO	sending request to: https://aus5.mozilla.org/update/3/GMP/55.0.3/20170824053622/WINNT_x86_64-msvc-x64/en-US/release/Windows_NT%2010.0.0.0%20(x64)/default/default/update.xml
1506090564521	addons.productaddons	INFO	Completed downloading document
1506090565023	addons.productaddons	INFO	downloadXHR File download. status=200
1506090565030	addons.productaddons	INFO	Downloaded file will be saved to C:\Users\SANDEE~1.VAD\AppData\Local\Temp\tmpaddon-907f31
1506090566535	addons.productaddons	INFO	downloadXHR File download. status=200
1506090566541	addons.productaddons	INFO	Downloaded file will be saved to C:\Users\SANDEE~1.VAD\AppData\Local\Temp\tmpaddon-280760

Build info: version: &apos;2.53.1&apos;, revision: &apos;a36b8b1&apos;, time: &apos;2016-06-30 17:37:09&apos;
System info: host: &apos;DPL5880&apos;, ip: &apos;172.16.2.72&apos;, os.name: &apos;Windows 10&apos;, os.arch: &apos;amd64&apos;, os.version: &apos;10.0&apos;, java.version: &apos;1.8.0_144&apos;
Driver info: driver.version: FirefoxDriver
	at org.openqa.selenium.firefox.internal.NewProfileExtensionConnection.start(NewProfileExtensionConnection.java:124)
	at org.openqa.selenium.firefox.FirefoxDriver.startClient(FirefoxDriver.java:271)
	at org.openqa.selenium.remote.RemoteWebDriver.&lt;init&gt;(RemoteWebDriver.java:119)
	at org.openqa.selenium.firefox.FirefoxDriver.&lt;init&gt;(FirefoxDriver.java:218)
	at org.openqa.selenium.firefox.FirefoxDriver.&lt;init&gt;(FirefoxDriver.java:211)
	at org.openqa.selenium.firefox.FirefoxDriver.&lt;init&gt;(FirefoxDriver.java:207)
	at org.openqa.selenium.firefox.FirefoxDriver.&lt;init&gt;(FirefoxDriver.java:120)
	at com.automation.accelerators.TestEngineWeb.setWebDriverForLocal(TestEngineWeb.java:339)
	at com.automation.accelerators.TestEngineWeb.beforeClass(TestEngineWeb.java:172)
Caused by: org.openqa.selenium.firefox.NotConnectedException: Unable to connect to host 127.0.0.1 on port 7055 after 45000 ms. Firefox console output:
erimentProvider
1506090562457	addons.manager	DEBUG	Provider finished startup: PreviousExperimentProvider
1506090562458	DeferredSave.extensions.json	DEBUG	Starting write
1506090562480	DeferredSave.extensions.json	DEBUG	Write succeeded
1506090562483	DeferredSave.addons.json	DEBUG	Starting write
1506090562497	DeferredSave.addons.json	DEBUG	Write succeeded
1506090563352	addons.manager	DEBUG	Starting provider: &lt;unnamed-provider&gt;
1506090563353	addons.manager	DEBUG	Registering shutdown blocker for &lt;unnamed-provider&gt;
1506090563353	addons.manager	DEBUG	Provider finished startup: &lt;unnamed-provider&gt;
1506090563355	addons.xpi	INFO	Mapping fxdriver@googlecode.com to C:\Users\SANDEE~1.VAD\AppData\Local\Temp\anonymous3838568721964617595webdriver-profile\extensions\fxdriver@googlecode.com
1506090563356	addons.xpi	DEBUG	Ignoring file entry whose name is not a valid add-on ID: C:\Users\SANDEE~1.VAD\AppData\Local\Temp\anonymous3838568721964617595webdriver-profile\extensions\webdriver-staging
1506090563356	addons.xpi	DEBUG	Existing add-on fxdriver@googlecode.com in app-profile
1506090563356	addons.xpi	INFO	Mapping aushelper@mozilla.org to C:\Program Files\Mozilla Firefox\browser\features\aushelper@mozilla.org.xpi
1506090563357	addons.xpi	INFO	Mapping clicktoplay-rollout@mozilla.org to C:\Program Files\Mozilla Firefox\browser\features\clicktoplay-rollout@mozilla.org.xpi
1506090563357	addons.xpi	INFO	Mapping e10srollout@mozilla.org to C:\Program Files\Mozilla Firefox\browser\features\e10srollout@mozilla.org.xpi
1506090563358	addons.xpi	INFO	Mapping firefox@getpocket.com to C:\Program Files\Mozilla Firefox\browser\features\firefox@getpocket.com.xpi
1506090563358	addons.xpi	INFO	Mapping followonsearch@mozilla.com to C:\Program Files\Mozilla Firefox\browser\features\followonsearch@mozilla.com.xpi
1506090563359	addons.xpi	INFO	Mapping screenshots@mozilla.org to C:\Program Files\Mozilla Firefox\browser\features\screenshots@mozilla.org.xpi
1506090563359	addons.xpi	INFO	Mapping shield-recipe-client@mozilla.org to C:\Program Files\Mozilla Firefox\browser\features\shield-recipe-client@mozilla.org.xpi
1506090563359	addons.xpi	INFO	Mapping webcompat@mozilla.org to C:\Program Files\Mozilla Firefox\browser\features\webcompat@mozilla.org.xpi
1506090563359	addons.xpi	DEBUG	Existing add-on aushelper@mozilla.org in app-system-defaults
1506090563360	addons.xpi	DEBUG	Existing add-on clicktoplay-rollout@mozilla.org in app-system-defaults
1506090563360	addons.xpi	DEBUG	Existing add-on e10srollout@mozilla.org in app-system-defaults
1506090563360	addons.xpi	DEBUG	Existing add-on firefox@getpocket.com in app-system-defaults
1506090563361	addons.xpi	DEBUG	Existing add-on followonsearch@mozilla.com in app-system-defaults
1506090563361	addons.xpi	DEBUG	Existing add-on screenshots@mozilla.org in app-system-defaults
1506090563361	addons.xpi	DEBUG	Existing add-on shield-recipe-client@mozilla.org in app-system-defaults
1506090563362	addons.xpi	DEBUG	Existing add-on webcompat@mozilla.org in app-system-defaults
1506090563363	addons.xpi	INFO	Mapping {972ce4c6-7e08-4474-a285-3208198ce6fd} to C:\Program Files\Mozilla Firefox\browser\extensions\{972ce4c6-7e08-4474-a285-3208198ce6fd}.xpi
1506090563363	addons.xpi	DEBUG	Existing add-on {972ce4c6-7e08-4474-a285-3208198ce6fd} in app-global
1506090563363	addons.xpi	DEBUG	getInstallState changed: false, state: {}
1506090563451	addons.productaddons	INFO	sending request to: https://aus5.mozilla.org/update/3/GMP/55.0.3/20170824053622/WINNT_x86_64-msvc-x64/en-US/release/Windows_NT%2010.0.0.0%20(x64)/default/default/update.xml
1506090564521	addons.productaddons	INFO	Completed downloading document
1506090565023	addons.productaddons	INFO	downloadXHR File download. status=200
1506090565030	addons.productaddons	INFO	Downloaded file will be saved to C:\Users\SANDEE~1.VAD\AppData\Local\Temp\tmpaddon-907f31
1506090566535	addons.productaddons	INFO	downloadXHR File download. status=200
1506090566541	addons.productaddons	INFO	Downloaded file will be saved to C:\Users\SANDEE~1.VAD\AppData\Local\Temp\tmpaddon-280760

	at org.openqa.selenium.firefox.internal.NewProfileExtensionConnection.start(NewProfileExtensionConnection.java:112)
	... 32 more
... Removed 24 stack frames</pre></div><a href='#' onClick='toggleBox("stack-trace1800649922", this, "Click to show all stack frames", "Click to hide stack frames")'>Click to show all stack frames</a>
<div class='stack-trace' id='stack-trace1800649922'><pre>org.openqa.selenium.WebDriverException: Failed to connect to binary FirefoxBinary(C:\Program Files\Mozilla Firefox\firefox.exe) on port 7055; process output follows: 
erimentProvider
1506090562457	addons.manager	DEBUG	Provider finished startup: PreviousExperimentProvider
1506090562458	DeferredSave.extensions.json	DEBUG	Starting write
1506090562480	DeferredSave.extensions.json	DEBUG	Write succeeded
1506090562483	DeferredSave.addons.json	DEBUG	Starting write
1506090562497	DeferredSave.addons.json	DEBUG	Write succeeded
1506090563352	addons.manager	DEBUG	Starting provider: &lt;unnamed-provider&gt;
1506090563353	addons.manager	DEBUG	Registering shutdown blocker for &lt;unnamed-provider&gt;
1506090563353	addons.manager	DEBUG	Provider finished startup: &lt;unnamed-provider&gt;
1506090563355	addons.xpi	INFO	Mapping fxdriver@googlecode.com to C:\Users\SANDEE~1.VAD\AppData\Local\Temp\anonymous3838568721964617595webdriver-profile\extensions\fxdriver@googlecode.com
1506090563356	addons.xpi	DEBUG	Ignoring file entry whose name is not a valid add-on ID: C:\Users\SANDEE~1.VAD\AppData\Local\Temp\anonymous3838568721964617595webdriver-profile\extensions\webdriver-staging
1506090563356	addons.xpi	DEBUG	Existing add-on fxdriver@googlecode.com in app-profile
1506090563356	addons.xpi	INFO	Mapping aushelper@mozilla.org to C:\Program Files\Mozilla Firefox\browser\features\aushelper@mozilla.org.xpi
1506090563357	addons.xpi	INFO	Mapping clicktoplay-rollout@mozilla.org to C:\Program Files\Mozilla Firefox\browser\features\clicktoplay-rollout@mozilla.org.xpi
1506090563357	addons.xpi	INFO	Mapping e10srollout@mozilla.org to C:\Program Files\Mozilla Firefox\browser\features\e10srollout@mozilla.org.xpi
1506090563358	addons.xpi	INFO	Mapping firefox@getpocket.com to C:\Program Files\Mozilla Firefox\browser\features\firefox@getpocket.com.xpi
1506090563358	addons.xpi	INFO	Mapping followonsearch@mozilla.com to C:\Program Files\Mozilla Firefox\browser\features\followonsearch@mozilla.com.xpi
1506090563359	addons.xpi	INFO	Mapping screenshots@mozilla.org to C:\Program Files\Mozilla Firefox\browser\features\screenshots@mozilla.org.xpi
1506090563359	addons.xpi	INFO	Mapping shield-recipe-client@mozilla.org to C:\Program Files\Mozilla Firefox\browser\features\shield-recipe-client@mozilla.org.xpi
1506090563359	addons.xpi	INFO	Mapping webcompat@mozilla.org to C:\Program Files\Mozilla Firefox\browser\features\webcompat@mozilla.org.xpi
1506090563359	addons.xpi	DEBUG	Existing add-on aushelper@mozilla.org in app-system-defaults
1506090563360	addons.xpi	DEBUG	Existing add-on clicktoplay-rollout@mozilla.org in app-system-defaults
1506090563360	addons.xpi	DEBUG	Existing add-on e10srollout@mozilla.org in app-system-defaults
1506090563360	addons.xpi	DEBUG	Existing add-on firefox@getpocket.com in app-system-defaults
1506090563361	addons.xpi	DEBUG	Existing add-on followonsearch@mozilla.com in app-system-defaults
1506090563361	addons.xpi	DEBUG	Existing add-on screenshots@mozilla.org in app-system-defaults
1506090563361	addons.xpi	DEBUG	Existing add-on shield-recipe-client@mozilla.org in app-system-defaults
1506090563362	addons.xpi	DEBUG	Existing add-on webcompat@mozilla.org in app-system-defaults
1506090563363	addons.xpi	INFO	Mapping {972ce4c6-7e08-4474-a285-3208198ce6fd} to C:\Program Files\Mozilla Firefox\browser\extensions\{972ce4c6-7e08-4474-a285-3208198ce6fd}.xpi
1506090563363	addons.xpi	DEBUG	Existing add-on {972ce4c6-7e08-4474-a285-3208198ce6fd} in app-global
1506090563363	addons.xpi	DEBUG	getInstallState changed: false, state: {}
1506090563451	addons.productaddons	INFO	sending request to: https://aus5.mozilla.org/update/3/GMP/55.0.3/20170824053622/WINNT_x86_64-msvc-x64/en-US/release/Windows_NT%2010.0.0.0%20(x64)/default/default/update.xml
1506090564521	addons.productaddons	INFO	Completed downloading document
1506090565023	addons.productaddons	INFO	downloadXHR File download. status=200
1506090565030	addons.productaddons	INFO	Downloaded file will be saved to C:\Users\SANDEE~1.VAD\AppData\Local\Temp\tmpaddon-907f31
1506090566535	addons.productaddons	INFO	downloadXHR File download. status=200
1506090566541	addons.productaddons	INFO	Downloaded file will be saved to C:\Users\SANDEE~1.VAD\AppData\Local\Temp\tmpaddon-280760

Build info: version: &apos;2.53.1&apos;, revision: &apos;a36b8b1&apos;, time: &apos;2016-06-30 17:37:09&apos;
System info: host: &apos;DPL5880&apos;, ip: &apos;172.16.2.72&apos;, os.name: &apos;Windows 10&apos;, os.arch: &apos;amd64&apos;, os.version: &apos;10.0&apos;, java.version: &apos;1.8.0_144&apos;
Driver info: driver.version: FirefoxDriver
	at org.openqa.selenium.firefox.internal.NewProfileExtensionConnection.start(NewProfileExtensionConnection.java:124)
	at org.openqa.selenium.firefox.FirefoxDriver.startClient(FirefoxDriver.java:271)
	at org.openqa.selenium.remote.RemoteWebDriver.&lt;init&gt;(RemoteWebDriver.java:119)
	at org.openqa.selenium.firefox.FirefoxDriver.&lt;init&gt;(FirefoxDriver.java:218)
	at org.openqa.selenium.firefox.FirefoxDriver.&lt;init&gt;(FirefoxDriver.java:211)
	at org.openqa.selenium.firefox.FirefoxDriver.&lt;init&gt;(FirefoxDriver.java:207)
	at org.openqa.selenium.firefox.FirefoxDriver.&lt;init&gt;(FirefoxDriver.java:120)
	at com.automation.accelerators.TestEngineWeb.setWebDriverForLocal(TestEngineWeb.java:339)
	at com.automation.accelerators.TestEngineWeb.beforeClass(TestEngineWeb.java:172)
	at sun.reflect.NativeMethodAccessorImpl.invoke0(Native Method)
	at sun.reflect.NativeMethodAccessorImpl.invoke(Unknown Source)
	at sun.reflect.DelegatingMethodAccessorImpl.invoke(Unknown Source)
	at java.lang.reflect.Method.invoke(Unknown Source)
	at org.testng.internal.MethodInvocationHelper.invokeMethod(MethodInvocationHelper.java:85)
	at org.testng.internal.Invoker.invokeConfigurationMethod(Invoker.java:510)
	at org.testng.internal.Invoker.invokeConfigurations(Invoker.java:211)
	at org.testng.internal.Invoker.invokeConfigurations(Invoker.java:138)
	at org.testng.internal.TestMethodWorker.invokeBeforeClassMethods(TestMethodWorker.java:170)
	at org.testng.internal.TestMethodWorker.run(TestMethodWorker.java:104)
	at org.testng.TestRunner.privateRun(TestRunner.java:774)
	at org.testng.TestRunner.run(TestRunner.java:624)
	at org.testng.SuiteRunner.runTest(SuiteRunner.java:359)
	at org.testng.SuiteRunner.runSequentially(SuiteRunner.java:354)
	at org.testng.SuiteRunner.privateRun(SuiteRunner.java:312)
	at org.testng.SuiteRunner.run(SuiteRunner.java:261)
	at org.testng.SuiteRunnerWorker.runSuite(SuiteRunnerWorker.java:52)
	at org.testng.SuiteRunnerWorker.run(SuiteRunnerWorker.java:86)
	at org.testng.TestNG.runSuitesSequentially(TestNG.java:1215)
	at org.testng.TestNG.runSuitesLocally(TestNG.java:1140)
	at org.testng.TestNG.run(TestNG.java:1048)
	at org.testng.remote.AbstractRemoteTestNG.run(AbstractRemoteTestNG.java:114)
	at org.testng.remote.RemoteTestNG.initAndRun(RemoteTestNG.java:251)
	at org.testng.remote.RemoteTestNG.main(RemoteTestNG.java:77)
Caused by: org.openqa.selenium.firefox.NotConnectedException: Unable to connect to host 127.0.0.1 on port 7055 after 45000 ms. Firefox console output:
erimentProvider
1506090562457	addons.manager	DEBUG	Provider finished startup: PreviousExperimentProvider
1506090562458	DeferredSave.extensions.json	DEBUG	Starting write
1506090562480	DeferredSave.extensions.json	DEBUG	Write succeeded
1506090562483	DeferredSave.addons.json	DEBUG	Starting write
1506090562497	DeferredSave.addons.json	DEBUG	Write succeeded
1506090563352	addons.manager	DEBUG	Starting provider: &lt;unnamed-provider&gt;
1506090563353	addons.manager	DEBUG	Registering shutdown blocker for &lt;unnamed-provider&gt;
1506090563353	addons.manager	DEBUG	Provider finished startup: &lt;unnamed-provider&gt;
1506090563355	addons.xpi	INFO	Mapping fxdriver@googlecode.com to C:\Users\SANDEE~1.VAD\AppData\Local\Temp\anonymous3838568721964617595webdriver-profile\extensions\fxdriver@googlecode.com
1506090563356	addons.xpi	DEBUG	Ignoring file entry whose name is not a valid add-on ID: C:\Users\SANDEE~1.VAD\AppData\Local\Temp\anonymous3838568721964617595webdriver-profile\extensions\webdriver-staging
1506090563356	addons.xpi	DEBUG	Existing add-on fxdriver@googlecode.com in app-profile
1506090563356	addons.xpi	INFO	Mapping aushelper@mozilla.org to C:\Program Files\Mozilla Firefox\browser\features\aushelper@mozilla.org.xpi
1506090563357	addons.xpi	INFO	Mapping clicktoplay-rollout@mozilla.org to C:\Program Files\Mozilla Firefox\browser\features\clicktoplay-rollout@mozilla.org.xpi
1506090563357	addons.xpi	INFO	Mapping e10srollout@mozilla.org to C:\Program Files\Mozilla Firefox\browser\features\e10srollout@mozilla.org.xpi
1506090563358	addons.xpi	INFO	Mapping firefox@getpocket.com to C:\Program Files\Mozilla Firefox\browser\features\firefox@getpocket.com.xpi
1506090563358	addons.xpi	INFO	Mapping followonsearch@mozilla.com to C:\Program Files\Mozilla Firefox\browser\features\followonsearch@mozilla.com.xpi
1506090563359	addons.xpi	INFO	Mapping screenshots@mozilla.org to C:\Program Files\Mozilla Firefox\browser\features\screenshots@mozilla.org.xpi
1506090563359	addons.xpi	INFO	Mapping shield-recipe-client@mozilla.org to C:\Program Files\Mozilla Firefox\browser\features\shield-recipe-client@mozilla.org.xpi
1506090563359	addons.xpi	INFO	Mapping webcompat@mozilla.org to C:\Program Files\Mozilla Firefox\browser\features\webcompat@mozilla.org.xpi
1506090563359	addons.xpi	DEBUG	Existing add-on aushelper@mozilla.org in app-system-defaults
1506090563360	addons.xpi	DEBUG	Existing add-on clicktoplay-rollout@mozilla.org in app-system-defaults
1506090563360	addons.xpi	DEBUG	Existing add-on e10srollout@mozilla.org in app-system-defaults
1506090563360	addons.xpi	DEBUG	Existing add-on firefox@getpocket.com in app-system-defaults
1506090563361	addons.xpi	DEBUG	Existing add-on followonsearch@mozilla.com in app-system-defaults
1506090563361	addons.xpi	DEBUG	Existing add-on screenshots@mozilla.org in app-system-defaults
1506090563361	addons.xpi	DEBUG	Existing add-on shield-recipe-client@mozilla.org in app-system-defaults
1506090563362	addons.xpi	DEBUG	Existing add-on webcompat@mozilla.org in app-system-defaults
1506090563363	addons.xpi	INFO	Mapping {972ce4c6-7e08-4474-a285-3208198ce6fd} to C:\Program Files\Mozilla Firefox\browser\extensions\{972ce4c6-7e08-4474-a285-3208198ce6fd}.xpi
1506090563363	addons.xpi	DEBUG	Existing add-on {972ce4c6-7e08-4474-a285-3208198ce6fd} in app-global
1506090563363	addons.xpi	DEBUG	getInstallState changed: false, state: {}
1506090563451	addons.productaddons	INFO	sending request to: https://aus5.mozilla.org/update/3/GMP/55.0.3/20170824053622/WINNT_x86_64-msvc-x64/en-US/release/Windows_NT%2010.0.0.0%20(x64)/default/default/update.xml
1506090564521	addons.productaddons	INFO	Completed downloading document
1506090565023	addons.productaddons	INFO	downloadXHR File download. status=200
1506090565030	addons.productaddons	INFO	Downloaded file will be saved to C:\Users\SANDEE~1.VAD\AppData\Local\Temp\tmpaddon-907f31
1506090566535	addons.productaddons	INFO	downloadXHR File download. status=200
1506090566541	addons.productaddons	INFO	Downloaded file will be saved to C:\Users\SANDEE~1.VAD\AppData\Local\Temp\tmpaddon-280760

	at org.openqa.selenium.firefox.internal.NewProfileExtensionConnection.start(NewProfileExtensionConnection.java:112)
	... 32 more
</pre></div></td>
<td>0</td>
<td>Frontstream.scripts.CMAdminLogin@76505305</td></tr>
<tr>
<td title='Frontstream.scripts.CMAdminLogin.beforeMethod()'><b>beforeMethod</b><br>Test class: Frontstream.scripts.CMAdminLogin<br>Parameters: public void Frontstream.scripts.CMAdminLogin.adminlogin(java.lang.String,java.lang.String) throws java.lang.Throwable</td>
<td><div><pre>java.lang.NullPointerException
	at com.automation.accelerators.TestEngineWeb.beforeMethod(TestEngineWeb.java:217)
... Removed 26 stack frames</pre></div><a href='#' onClick='toggleBox("stack-trace1088417975", this, "Click to show all stack frames", "Click to hide stack frames")'>Click to show all stack frames</a>
<div class='stack-trace' id='stack-trace1088417975'><pre>java.lang.NullPointerException
	at com.automation.accelerators.TestEngineWeb.beforeMethod(TestEngineWeb.java:217)
	at sun.reflect.NativeMethodAccessorImpl.invoke0(Native Method)
	at sun.reflect.NativeMethodAccessorImpl.invoke(Unknown Source)
	at sun.reflect.DelegatingMethodAccessorImpl.invoke(Unknown Source)
	at java.lang.reflect.Method.invoke(Unknown Source)
	at org.testng.internal.MethodInvocationHelper.invokeMethod(MethodInvocationHelper.java:85)
	at org.testng.internal.Invoker.invokeConfigurationMethod(Invoker.java:510)
	at org.testng.internal.Invoker.invokeConfigurations(Invoker.java:211)
	at org.testng.internal.Invoker.invokeMethod(Invoker.java:585)
	at org.testng.internal.Invoker.invokeTestMethod(Invoker.java:816)
	at org.testng.internal.Invoker.invokeTestMethods(Invoker.java:1124)
	at org.testng.internal.TestMethodWorker.invokeTestMethods(TestMethodWorker.java:125)
	at org.testng.internal.TestMethodWorker.run(TestMethodWorker.java:108)
	at org.testng.TestRunner.privateRun(TestRunner.java:774)
	at org.testng.TestRunner.run(TestRunner.java:624)
	at org.testng.SuiteRunner.runTest(SuiteRunner.java:359)
	at org.testng.SuiteRunner.runSequentially(SuiteRunner.java:354)
	at org.testng.SuiteRunner.privateRun(SuiteRunner.java:312)
	at org.testng.SuiteRunner.run(SuiteRunner.java:261)
	at org.testng.SuiteRunnerWorker.runSuite(SuiteRunnerWorker.java:52)
	at org.testng.SuiteRunnerWorker.run(SuiteRunnerWorker.java:86)
	at org.testng.TestNG.runSuitesSequentially(TestNG.java:1215)
	at org.testng.TestNG.runSuitesLocally(TestNG.java:1140)
	at org.testng.TestNG.run(TestNG.java:1048)
	at org.testng.remote.AbstractRemoteTestNG.run(AbstractRemoteTestNG.java:114)
	at org.testng.remote.RemoteTestNG.initAndRun(RemoteTestNG.java:251)
	at org.testng.remote.RemoteTestNG.main(RemoteTestNG.java:77)
</pre></div></td>
<td>0</td>
<td>Frontstream.scripts.CMAdminLogin@76505305</td></tr>
<tr>
<td title='Frontstream.scripts.CMAdminLogin.afterMethod()'><b>afterMethod</b><br>Test class: Frontstream.scripts.CMAdminLogin</td>
<td><div><pre>java.lang.NullPointerException
	at com.automation.accelerators.TestEngineWeb.afterMethod(TestEngineWeb.java:264)
... Removed 26 stack frames</pre></div><a href='#' onClick='toggleBox("stack-trace307488715", this, "Click to show all stack frames", "Click to hide stack frames")'>Click to show all stack frames</a>
<div class='stack-trace' id='stack-trace307488715'><pre>java.lang.NullPointerException
	at com.automation.accelerators.TestEngineWeb.afterMethod(TestEngineWeb.java:264)
	at sun.reflect.NativeMethodAccessorImpl.invoke0(Native Method)
	at sun.reflect.NativeMethodAccessorImpl.invoke(Unknown Source)
	at sun.reflect.DelegatingMethodAccessorImpl.invoke(Unknown Source)
	at java.lang.reflect.Method.invoke(Unknown Source)
	at org.testng.internal.MethodInvocationHelper.invokeMethod(MethodInvocationHelper.java:85)
	at org.testng.internal.Invoker.invokeConfigurationMethod(Invoker.java:510)
	at org.testng.internal.Invoker.invokeConfigurations(Invoker.java:211)
	at org.testng.internal.Invoker.invokeMethod(Invoker.java:703)
	at org.testng.internal.Invoker.invokeTestMethod(Invoker.java:816)
	at org.testng.internal.Invoker.invokeTestMethods(Invoker.java:1124)
	at org.testng.internal.TestMethodWorker.invokeTestMethods(TestMethodWorker.java:125)
	at org.testng.internal.TestMethodWorker.run(TestMethodWorker.java:108)
	at org.testng.TestRunner.privateRun(TestRunner.java:774)
	at org.testng.TestRunner.run(TestRunner.java:624)
	at org.testng.SuiteRunner.runTest(SuiteRunner.java:359)
	at org.testng.SuiteRunner.runSequentially(SuiteRunner.java:354)
	at org.testng.SuiteRunner.privateRun(SuiteRunner.java:312)
	at org.testng.SuiteRunner.run(SuiteRunner.java:261)
	at org.testng.SuiteRunnerWorker.runSuite(SuiteRunnerWorker.java:52)
	at org.testng.SuiteRunnerWorker.run(SuiteRunnerWorker.java:86)
	at org.testng.TestNG.runSuitesSequentially(TestNG.java:1215)
	at org.testng.TestNG.runSuitesLocally(TestNG.java:1140)
	at org.testng.TestNG.run(TestNG.java:1048)
	at org.testng.remote.AbstractRemoteTestNG.run(AbstractRemoteTestNG.java:114)
	at org.testng.remote.RemoteTestNG.initAndRun(RemoteTestNG.java:251)
	at org.testng.remote.RemoteTestNG.main(RemoteTestNG.java:77)
</pre></div></td>
<td>0</td>
<td>Frontstream.scripts.CMAdminLogin@76505305</td></tr>
<tr>
<td title='Frontstream.scripts.CMAdminLogin.afterClass()'><b>afterClass</b><br>Test class: Frontstream.scripts.CMAdminLogin</td>
<td><div><pre>java.lang.NullPointerException
	at com.automation.accelerators.TestEngineWeb.afterClass(TestEngineWeb.java:236)
... Removed 24 stack frames</pre></div><a href='#' onClick='toggleBox("stack-trace1640612861", this, "Click to show all stack frames", "Click to hide stack frames")'>Click to show all stack frames</a>
<div class='stack-trace' id='stack-trace1640612861'><pre>java.lang.NullPointerException
	at com.automation.accelerators.TestEngineWeb.afterClass(TestEngineWeb.java:236)
	at sun.reflect.NativeMethodAccessorImpl.invoke0(Native Method)
	at sun.reflect.NativeMethodAccessorImpl.invoke(Unknown Source)
	at sun.reflect.DelegatingMethodAccessorImpl.invoke(Unknown Source)
	at java.lang.reflect.Method.invoke(Unknown Source)
	at org.testng.internal.MethodInvocationHelper.invokeMethod(MethodInvocationHelper.java:85)
	at org.testng.internal.Invoker.invokeConfigurationMethod(Invoker.java:510)
	at org.testng.internal.Invoker.invokeConfigurations(Invoker.java:211)
	at org.testng.internal.Invoker.invokeConfigurations(Invoker.java:138)
	at org.testng.internal.TestMethodWorker.invokeAfterClassMethods(TestMethodWorker.java:220)
	at org.testng.internal.TestMethodWorker.run(TestMethodWorker.java:111)
	at org.testng.TestRunner.privateRun(TestRunner.java:774)
	at org.testng.TestRunner.run(TestRunner.java:624)
	at org.testng.SuiteRunner.runTest(SuiteRunner.java:359)
	at org.testng.SuiteRunner.runSequentially(SuiteRunner.java:354)
	at org.testng.SuiteRunner.privateRun(SuiteRunner.java:312)
	at org.testng.SuiteRunner.run(SuiteRunner.java:261)
	at org.testng.SuiteRunnerWorker.runSuite(SuiteRunnerWorker.java:52)
	at org.testng.SuiteRunnerWorker.run(SuiteRunnerWorker.java:86)
	at org.testng.TestNG.runSuitesSequentially(TestNG.java:1215)
	at org.testng.TestNG.runSuitesLocally(TestNG.java:1140)
	at org.testng.TestNG.run(TestNG.java:1048)
	at org.testng.remote.AbstractRemoteTestNG.run(AbstractRemoteTestNG.java:114)
	at org.testng.remote.RemoteTestNG.initAndRun(RemoteTestNG.java:251)
	at org.testng.remote.RemoteTestNG.main(RemoteTestNG.java:77)
</pre></div></td>
<td>0</td>
<td>Frontstream.scripts.CMAdminLogin@76505305</td></tr>
</table><p>
<table width='100%' border='1' class='invocation-skipped'>
<tr><td colspan='4' align='center'><b>SKIPPED TESTS</b></td></tr>
<tr><td><b>Test method</b></td>
<td width="30%"><b>Exception</b></td>
<td width="10%"><b>Time (seconds)</b></td>
<td><b>Instance</b></td>
</tr>
<tr>
<td title='Frontstream.scripts.CMAdminLogin.adminlogin()'><b>adminlogin</b><br>Test class: Frontstream.scripts.CMAdminLogin<br>Parameters: testuser10, Password1</td>
<td></td>
<td>0</td>
<td>Frontstream.scripts.CMAdminLogin@76505305</td></tr>
</table><p>
</body>
</html>