<?xml version="1.0" encoding="UTF-8"?>
<!-- Generated by org.testng.reporters.JUnitXMLReporter -->
<testsuite hostname="DPL5880" name="Test" tests="4" failures="0" timestamp="26 Sep 2017 00:56:37 GMT" time="0.145" errors="0">
  <testcase name="@BeforeClass beforeClass" time="0.0" classname="Frontstream.scripts.CMVerifyCampaignName">
    <failure type="org.testng.TestNGException" message="
Parameter &amp;apos;automationName&amp;apos; is required by @Configuration on method beforeClass but has not been marked @Optional or defined
in D:\Sandeep\Selenium\Workspaces23\AutomationThree\testng3.xml">
      <![CDATA[org.testng.TestNGException: 
Parameter 'automationName' is required by @Configuration on method beforeClass but has not been marked @Optional or defined
in D:\Sandeep\Selenium\Workspaces23\AutomationThree\testng3.xml
... Removed 21 stack frames]]>
    </failure>
  </testcase> <!-- @BeforeClass beforeClass -->
  <testcase name="@AfterClass afterClass" time="0.0" classname="Frontstream.scripts.CMVerifyCampaignName">
    <skipped/>
  </testcase> <!-- @AfterClass afterClass -->
  <testcase name="@BeforeClass beforeClass" time="0.0" classname="Frontstream.scripts.MyTestCase">
    <failure type="org.testng.TestNGException" message="
Parameter &amp;apos;automationName&amp;apos; is required by @Configuration on method beforeClass but has not been marked @Optional or defined
in D:\Sandeep\Selenium\Workspaces23\AutomationThree\testng3.xml">
      <![CDATA[org.testng.TestNGException: 
Parameter 'automationName' is required by @Configuration on method beforeClass but has not been marked @Optional or defined
in D:\Sandeep\Selenium\Workspaces23\AutomationThree\testng3.xml
... Removed 21 stack frames]]>
    </failure>
  </testcase> <!-- @BeforeClass beforeClass -->
  <testcase name="@BeforeMethod beforeMethod" time="0.0" classname="Frontstream.scripts.MyTestCase">
    <skipped/>
  </testcase> <!-- @BeforeMethod beforeMethod -->
  <testcase name="@AfterMethod afterMethod" time="0.0" classname="Frontstream.scripts.MyTestCase">
    <skipped/>
  </testcase> <!-- @AfterMethod afterMethod -->
  <testcase name="@AfterClass afterClass" time="0.0" classname="Frontstream.scripts.MyTestCase">
    <skipped/>
  </testcase> <!-- @AfterClass afterClass -->
  <testcase name="@BeforeClass beforeClass" time="0.0" classname="TD.scripts.TD_BecomeClient">
    <failure type="org.testng.TestNGException" message="
Parameter &amp;apos;automationName&amp;apos; is required by @Configuration on method beforeClass but has not been marked @Optional or defined
in D:\Sandeep\Selenium\Workspaces23\AutomationThree\testng3.xml">
      <![CDATA[org.testng.TestNGException: 
Parameter 'automationName' is required by @Configuration on method beforeClass but has not been marked @Optional or defined
in D:\Sandeep\Selenium\Workspaces23\AutomationThree\testng3.xml
... Removed 21 stack frames]]>
    </failure>
  </testcase> <!-- @BeforeClass beforeClass -->
  <testcase name="@BeforeMethod beforeMethod" time="0.0" classname="TD.scripts.TD_BecomeClient">
    <skipped/>
  </testcase> <!-- @BeforeMethod beforeMethod -->
  <testcase name="@AfterMethod afterMethod" time="0.0" classname="TD.scripts.TD_BecomeClient">
    <skipped/>
  </testcase> <!-- @AfterMethod afterMethod -->
  <testcase name="@AfterClass afterClass" time="0.0" classname="TD.scripts.TD_BecomeClient">
    <skipped/>
  </testcase> <!-- @AfterClass afterClass -->
  <testcase name="@BeforeClass beforeClass" time="0.0" classname="Frontstream.scripts.CMAdminLogin">
    <failure type="org.testng.TestNGException" message="
Parameter &amp;apos;automationName&amp;apos; is required by @Configuration on method beforeClass but has not been marked @Optional or defined
in D:\Sandeep\Selenium\Workspaces23\AutomationThree\testng3.xml">
      <![CDATA[org.testng.TestNGException: 
Parameter 'automationName' is required by @Configuration on method beforeClass but has not been marked @Optional or defined
in D:\Sandeep\Selenium\Workspaces23\AutomationThree\testng3.xml
... Removed 21 stack frames]]>
    </failure>
  </testcase> <!-- @BeforeClass beforeClass -->
  <testcase name="@BeforeMethod beforeMethod" time="0.0" classname="Frontstream.scripts.CMAdminLogin">
    <skipped/>
  </testcase> <!-- @BeforeMethod beforeMethod -->
  <testcase name="@AfterMethod afterMethod" time="0.0" classname="Frontstream.scripts.CMAdminLogin">
    <skipped/>
  </testcase> <!-- @AfterMethod afterMethod -->
  <testcase name="@AfterClass afterClass" time="0.0" classname="Frontstream.scripts.CMAdminLogin">
    <skipped/>
  </testcase> <!-- @AfterClass afterClass -->
  <testcase name="verifycampaigname" time="0.0" classname="Frontstream.scripts.CMVerifyCampaignName">
    <skipped/>
  </testcase> <!-- verifycampaigname -->
  <testcase name="MyTestCase1" time="0.004" classname="Frontstream.scripts.MyTestCase">
    <skipped/>
  </testcase> <!-- MyTestCase1 -->
  <testcase name="SubmitBecomeClient" time="0.001" classname="TD.scripts.TD_BecomeClient">
    <skipped/>
  </testcase> <!-- SubmitBecomeClient -->
  <testcase name="adminlogin" time="0.006" classname="Frontstream.scripts.CMAdminLogin">
    <skipped/>
  </testcase> <!-- adminlogin -->
</testsuite> <!-- Test -->
