<?xml version="1.0" encoding="UTF-8"?>
<testsuite name="FrontStream-Firefox"
           tests="5"
           failures="4"
           errors="0"
           skipped="1"
           time="0.001">
  <properties />
            <testcase name="beforeClass" time="0.000" classname="Frontstream.scripts.CMAdminLogin">
                <failure type="org.openqa.selenium.WebDriverException"
                  message="Failed to connect to binary FirefoxBinary(C:\Program Files\Mozilla Firefox\firefox.exe) on port 7055; process output follows: 
erimentProvider
1506090562457	addons.manager	DEBUG	Provider finished startup: PreviousExperimentProvider
1506090562458	DeferredSave.extensions.json	DEBUG	Starting write
1506090562480	DeferredSave.extensions.json	DEBUG	Write succeeded
1506090562483	DeferredSave.addons.json	DEBUG	Starting write
1506090562497	DeferredSave.addons.json	DEBUG	Write succeeded
1506090563352	addons.manager	DEBUG	Starting provider: &lt;unnamed-provider&gt;
1506090563353	addons.manager	DEBUG	Registering shutdown blocker for &lt;unnamed-provider&gt;
1506090563353	addons.manager	DEBUG	Provider finished startup: &lt;unnamed-provider&gt;
1506090563355	addons.xpi	INFO	Mapping fxdriver@googlecode.com to C:\Users\SANDEE~1.VAD\AppData\Local\Temp\anonymous3838568721964617595webdriver-profile\extensions\fxdriver@googlecode.com
1506090563356	addons.xpi	DEBUG	Ignoring file entry whose name is not a valid add-on ID: C:\Users\SANDEE~1.VAD\AppData\Local\Temp\anonymous3838568721964617595webdriver-profile\extensions\webdriver-staging
1506090563356	addons.xpi	DEBUG	Existing add-on fxdriver@googlecode.com in app-profile
1506090563356	addons.xpi	INFO	Mapping aushelper@mozilla.org to C:\Program Files\Mozilla Firefox\browser\features\aushelper@mozilla.org.xpi
1506090563357	addons.xpi	INFO	Mapping clicktoplay-rollout@mozilla.org to C:\Program Files\Mozilla Firefox\browser\features\clicktoplay-rollout@mozilla.org.xpi
1506090563357	addons.xpi	INFO	Mapping e10srollout@mozilla.org to C:\Program Files\Mozilla Firefox\browser\features\e10srollout@mozilla.org.xpi
1506090563358	addons.xpi	INFO	Mapping firefox@getpocket.com to C:\Program Files\Mozilla Firefox\browser\features\firefox@getpocket.com.xpi
1506090563358	addons.xpi	INFO	Mapping followonsearch@mozilla.com to C:\Program Files\Mozilla Firefox\browser\features\followonsearch@mozilla.com.xpi
1506090563359	addons.xpi	INFO	Mapping screenshots@mozilla.org to C:\Program Files\Mozilla Firefox\browser\features\screenshots@mozilla.org.xpi
1506090563359	addons.xpi	INFO	Mapping shield-recipe-client@mozilla.org to C:\Program Files\Mozilla Firefox\browser\features\shield-recipe-client@mozilla.org.xpi
1506090563359	addons.xpi	INFO	Mapping webcompat@mozilla.org to C:\Program Files\Mozilla Firefox\browser\features\webcompat@mozilla.org.xpi
1506090563359	addons.xpi	DEBUG	Existing add-on aushelper@mozilla.org in app-system-defaults
1506090563360	addons.xpi	DEBUG	Existing add-on clicktoplay-rollout@mozilla.org in app-system-defaults
1506090563360	addons.xpi	DEBUG	Existing add-on e10srollout@mozilla.org in app-system-defaults
1506090563360	addons.xpi	DEBUG	Existing add-on firefox@getpocket.com in app-system-defaults
1506090563361	addons.xpi	DEBUG	Existing add-on followonsearch@mozilla.com in app-system-defaults
1506090563361	addons.xpi	DEBUG	Existing add-on screenshots@mozilla.org in app-system-defaults
1506090563361	addons.xpi	DEBUG	Existing add-on shield-recipe-client@mozilla.org in app-system-defaults
1506090563362	addons.xpi	DEBUG	Existing add-on webcompat@mozilla.org in app-system-defaults
1506090563363	addons.xpi	INFO	Mapping {972ce4c6-7e08-4474-a285-3208198ce6fd} to C:\Program Files\Mozilla Firefox\browser\extensions\{972ce4c6-7e08-4474-a285-3208198ce6fd}.xpi
1506090563363	addons.xpi	DEBUG	Existing add-on {972ce4c6-7e08-4474-a285-3208198ce6fd} in app-global
1506090563363	addons.xpi	DEBUG	getInstallState changed: false, state: {}
1506090563451	addons.productaddons	INFO	sending request to: https://aus5.mozilla.org/update/3/GMP/55.0.3/20170824053622/WINNT_x86_64-msvc-x64/en-US/release/Windows_NT%2010.0.0.0%20(x64)/default/default/update.xml
1506090564521	addons.productaddons	INFO	Completed downloading document
1506090565023	addons.productaddons	INFO	downloadXHR File download. status=200
1506090565030	addons.productaddons	INFO	Downloaded file will be saved to C:\Users\SANDEE~1.VAD\AppData\Local\Temp\tmpaddon-907f31
1506090566535	addons.productaddons	INFO	downloadXHR File download. status=200
1506090566541	addons.productaddons	INFO	Downloaded file will be saved to C:\Users\SANDEE~1.VAD\AppData\Local\Temp\tmpaddon-280760

Build info: version: &apos;2.53.1&apos;, revision: &apos;a36b8b1&apos;, time: &apos;2016-06-30 17:37:09&apos;
System info: host: &apos;DPL5880&apos;, ip: &apos;172.16.2.72&apos;, os.name: &apos;Windows 10&apos;, os.arch: &apos;amd64&apos;, os.version: &apos;10.0&apos;, java.version: &apos;1.8.0_144&apos;
Driver info: driver.version: FirefoxDriver"
              >
<![CDATA[org.openqa.selenium.WebDriverException: Failed to connect to binary FirefoxBinary(C:\Program Files\Mozilla Firefox\firefox.exe) on port 7055; process output follows: 
erimentProvider
1506090562457	addons.manager	DEBUG	Provider finished startup: PreviousExperimentProvider
1506090562458	DeferredSave.extensions.json	DEBUG	Starting write
1506090562480	DeferredSave.extensions.json	DEBUG	Write succeeded
1506090562483	DeferredSave.addons.json	DEBUG	Starting write
1506090562497	DeferredSave.addons.json	DEBUG	Write succeeded
1506090563352	addons.manager	DEBUG	Starting provider: <unnamed-provider>
1506090563353	addons.manager	DEBUG	Registering shutdown blocker for <unnamed-provider>
1506090563353	addons.manager	DEBUG	Provider finished startup: <unnamed-provider>
1506090563355	addons.xpi	INFO	Mapping fxdriver@googlecode.com to C:\Users\SANDEE~1.VAD\AppData\Local\Temp\anonymous3838568721964617595webdriver-profile\extensions\fxdriver@googlecode.com
1506090563356	addons.xpi	DEBUG	Ignoring file entry whose name is not a valid add-on ID: C:\Users\SANDEE~1.VAD\AppData\Local\Temp\anonymous3838568721964617595webdriver-profile\extensions\webdriver-staging
1506090563356	addons.xpi	DEBUG	Existing add-on fxdriver@googlecode.com in app-profile
1506090563356	addons.xpi	INFO	Mapping aushelper@mozilla.org to C:\Program Files\Mozilla Firefox\browser\features\aushelper@mozilla.org.xpi
1506090563357	addons.xpi	INFO	Mapping clicktoplay-rollout@mozilla.org to C:\Program Files\Mozilla Firefox\browser\features\clicktoplay-rollout@mozilla.org.xpi
1506090563357	addons.xpi	INFO	Mapping e10srollout@mozilla.org to C:\Program Files\Mozilla Firefox\browser\features\e10srollout@mozilla.org.xpi
1506090563358	addons.xpi	INFO	Mapping firefox@getpocket.com to C:\Program Files\Mozilla Firefox\browser\features\firefox@getpocket.com.xpi
1506090563358	addons.xpi	INFO	Mapping followonsearch@mozilla.com to C:\Program Files\Mozilla Firefox\browser\features\followonsearch@mozilla.com.xpi
1506090563359	addons.xpi	INFO	Mapping screenshots@mozilla.org to C:\Program Files\Mozilla Firefox\browser\features\screenshots@mozilla.org.xpi
1506090563359	addons.xpi	INFO	Mapping shield-recipe-client@mozilla.org to C:\Program Files\Mozilla Firefox\browser\features\shield-recipe-client@mozilla.org.xpi
1506090563359	addons.xpi	INFO	Mapping webcompat@mozilla.org to C:\Program Files\Mozilla Firefox\browser\features\webcompat@mozilla.org.xpi
1506090563359	addons.xpi	DEBUG	Existing add-on aushelper@mozilla.org in app-system-defaults
1506090563360	addons.xpi	DEBUG	Existing add-on clicktoplay-rollout@mozilla.org in app-system-defaults
1506090563360	addons.xpi	DEBUG	Existing add-on e10srollout@mozilla.org in app-system-defaults
1506090563360	addons.xpi	DEBUG	Existing add-on firefox@getpocket.com in app-system-defaults
1506090563361	addons.xpi	DEBUG	Existing add-on followonsearch@mozilla.com in app-system-defaults
1506090563361	addons.xpi	DEBUG	Existing add-on screenshots@mozilla.org in app-system-defaults
1506090563361	addons.xpi	DEBUG	Existing add-on shield-recipe-client@mozilla.org in app-system-defaults
1506090563362	addons.xpi	DEBUG	Existing add-on webcompat@mozilla.org in app-system-defaults
1506090563363	addons.xpi	INFO	Mapping {972ce4c6-7e08-4474-a285-3208198ce6fd} to C:\Program Files\Mozilla Firefox\browser\extensions\{972ce4c6-7e08-4474-a285-3208198ce6fd}.xpi
1506090563363	addons.xpi	DEBUG	Existing add-on {972ce4c6-7e08-4474-a285-3208198ce6fd} in app-global
1506090563363	addons.xpi	DEBUG	getInstallState changed: false, state: {}
1506090563451	addons.productaddons	INFO	sending request to: https://aus5.mozilla.org/update/3/GMP/55.0.3/20170824053622/WINNT_x86_64-msvc-x64/en-US/release/Windows_NT%2010.0.0.0%20(x64)/default/default/update.xml
1506090564521	addons.productaddons	INFO	Completed downloading document
1506090565023	addons.productaddons	INFO	downloadXHR File download. status=200
1506090565030	addons.productaddons	INFO	Downloaded file will be saved to C:\Users\SANDEE~1.VAD\AppData\Local\Temp\tmpaddon-907f31
1506090566535	addons.productaddons	INFO	downloadXHR File download. status=200
1506090566541	addons.productaddons	INFO	Downloaded file will be saved to C:\Users\SANDEE~1.VAD\AppData\Local\Temp\tmpaddon-280760

Build info: version: '2.53.1', revision: 'a36b8b1', time: '2016-06-30 17:37:09'
System info: host: 'DPL5880', ip: '172.16.2.72', os.name: 'Windows 10', os.arch: 'amd64', os.version: '10.0', java.version: '1.8.0_144'
Driver info: driver.version: FirefoxDriver
  org.openqa.selenium.firefox.internal.NewProfileExtensionConnection.start(NewProfileExtensionConnection.java:124)
  org.openqa.selenium.firefox.FirefoxDriver.startClient(FirefoxDriver.java:271)
  org.openqa.selenium.remote.RemoteWebDriver.<init>(RemoteWebDriver.java:119)
  org.openqa.selenium.firefox.FirefoxDriver.<init>(FirefoxDriver.java:218)
  org.openqa.selenium.firefox.FirefoxDriver.<init>(FirefoxDriver.java:211)
  org.openqa.selenium.firefox.FirefoxDriver.<init>(FirefoxDriver.java:207)
  org.openqa.selenium.firefox.FirefoxDriver.<init>(FirefoxDriver.java:120)
  com.automation.accelerators.TestEngineWeb.setWebDriverForLocal(TestEngineWeb.java:339)
  com.automation.accelerators.TestEngineWeb.beforeClass(TestEngineWeb.java:172)
  sun.reflect.NativeMethodAccessorImpl.invoke0(Native Method)
  sun.reflect.NativeMethodAccessorImpl.invoke(Unknown Source)
  sun.reflect.DelegatingMethodAccessorImpl.invoke(Unknown Source)
  java.lang.reflect.Method.invoke(Unknown Source)
  org.testng.internal.MethodInvocationHelper.invokeMethod(MethodInvocationHelper.java:85)
  org.testng.internal.Invoker.invokeConfigurationMethod(Invoker.java:510)
  org.testng.internal.Invoker.invokeConfigurations(Invoker.java:211)
  org.testng.internal.Invoker.invokeConfigurations(Invoker.java:138)
  org.testng.internal.TestMethodWorker.invokeBeforeClassMethods(TestMethodWorker.java:170)
  org.testng.internal.TestMethodWorker.run(TestMethodWorker.java:104)
  org.testng.TestRunner.privateRun(TestRunner.java:774)
  org.testng.TestRunner.run(TestRunner.java:624)
  org.testng.SuiteRunner.runTest(SuiteRunner.java:359)
  org.testng.SuiteRunner.runSequentially(SuiteRunner.java:354)
  org.testng.SuiteRunner.privateRun(SuiteRunner.java:312)
  org.testng.SuiteRunner.run(SuiteRunner.java:261)
  org.testng.SuiteRunnerWorker.runSuite(SuiteRunnerWorker.java:52)
  org.testng.SuiteRunnerWorker.run(SuiteRunnerWorker.java:86)
  org.testng.TestNG.runSuitesSequentially(TestNG.java:1215)
  org.testng.TestNG.runSuitesLocally(TestNG.java:1140)
  org.testng.TestNG.run(TestNG.java:1048)
  org.testng.remote.AbstractRemoteTestNG.run(AbstractRemoteTestNG.java:114)
  org.testng.remote.RemoteTestNG.initAndRun(RemoteTestNG.java:251)
  org.testng.remote.RemoteTestNG.main(RemoteTestNG.java:77)
Caused by: org.openqa.selenium.firefox.NotConnectedException: Unable to connect to host 127.0.0.1 on port 7055 after 45000 ms. Firefox console output:
erimentProvider
1506090562457	addons.manager	DEBUG	Provider finished startup: PreviousExperimentProvider
1506090562458	DeferredSave.extensions.json	DEBUG	Starting write
1506090562480	DeferredSave.extensions.json	DEBUG	Write succeeded
1506090562483	DeferredSave.addons.json	DEBUG	Starting write
1506090562497	DeferredSave.addons.json	DEBUG	Write succeeded
1506090563352	addons.manager	DEBUG	Starting provider: <unnamed-provider>
1506090563353	addons.manager	DEBUG	Registering shutdown blocker for <unnamed-provider>
1506090563353	addons.manager	DEBUG	Provider finished startup: <unnamed-provider>
1506090563355	addons.xpi	INFO	Mapping fxdriver@googlecode.com to C:\Users\SANDEE~1.VAD\AppData\Local\Temp\anonymous3838568721964617595webdriver-profile\extensions\fxdriver@googlecode.com
1506090563356	addons.xpi	DEBUG	Ignoring file entry whose name is not a valid add-on ID: C:\Users\SANDEE~1.VAD\AppData\Local\Temp\anonymous3838568721964617595webdriver-profile\extensions\webdriver-staging
1506090563356	addons.xpi	DEBUG	Existing add-on fxdriver@googlecode.com in app-profile
1506090563356	addons.xpi	INFO	Mapping aushelper@mozilla.org to C:\Program Files\Mozilla Firefox\browser\features\aushelper@mozilla.org.xpi
1506090563357	addons.xpi	INFO	Mapping clicktoplay-rollout@mozilla.org to C:\Program Files\Mozilla Firefox\browser\features\clicktoplay-rollout@mozilla.org.xpi
1506090563357	addons.xpi	INFO	Mapping e10srollout@mozilla.org to C:\Program Files\Mozilla Firefox\browser\features\e10srollout@mozilla.org.xpi
1506090563358	addons.xpi	INFO	Mapping firefox@getpocket.com to C:\Program Files\Mozilla Firefox\browser\features\firefox@getpocket.com.xpi
1506090563358	addons.xpi	INFO	Mapping followonsearch@mozilla.com to C:\Program Files\Mozilla Firefox\browser\features\followonsearch@mozilla.com.xpi
1506090563359	addons.xpi	INFO	Mapping screenshots@mozilla.org to C:\Program Files\Mozilla Firefox\browser\features\screenshots@mozilla.org.xpi
1506090563359	addons.xpi	INFO	Mapping shield-recipe-client@mozilla.org to C:\Program Files\Mozilla Firefox\browser\features\shield-recipe-client@mozilla.org.xpi
1506090563359	addons.xpi	INFO	Mapping webcompat@mozilla.org to C:\Program Files\Mozilla Firefox\browser\features\webcompat@mozilla.org.xpi
1506090563359	addons.xpi	DEBUG	Existing add-on aushelper@mozilla.org in app-system-defaults
1506090563360	addons.xpi	DEBUG	Existing add-on clicktoplay-rollout@mozilla.org in app-system-defaults
1506090563360	addons.xpi	DEBUG	Existing add-on e10srollout@mozilla.org in app-system-defaults
1506090563360	addons.xpi	DEBUG	Existing add-on firefox@getpocket.com in app-system-defaults
1506090563361	addons.xpi	DEBUG	Existing add-on followonsearch@mozilla.com in app-system-defaults
1506090563361	addons.xpi	DEBUG	Existing add-on screenshots@mozilla.org in app-system-defaults
1506090563361	addons.xpi	DEBUG	Existing add-on shield-recipe-client@mozilla.org in app-system-defaults
1506090563362	addons.xpi	DEBUG	Existing add-on webcompat@mozilla.org in app-system-defaults
1506090563363	addons.xpi	INFO	Mapping {972ce4c6-7e08-4474-a285-3208198ce6fd} to C:\Program Files\Mozilla Firefox\browser\extensions\{972ce4c6-7e08-4474-a285-3208198ce6fd}.xpi
1506090563363	addons.xpi	DEBUG	Existing add-on {972ce4c6-7e08-4474-a285-3208198ce6fd} in app-global
1506090563363	addons.xpi	DEBUG	getInstallState changed: false, state: {}
1506090563451	addons.productaddons	INFO	sending request to: https://aus5.mozilla.org/update/3/GMP/55.0.3/20170824053622/WINNT_x86_64-msvc-x64/en-US/release/Windows_NT%2010.0.0.0%20(x64)/default/default/update.xml
1506090564521	addons.productaddons	INFO	Completed downloading document
1506090565023	addons.productaddons	INFO	downloadXHR File download. status=200
1506090565030	addons.productaddons	INFO	Downloaded file will be saved to C:\Users\SANDEE~1.VAD\AppData\Local\Temp\tmpaddon-907f31
1506090566535	addons.productaddons	INFO	downloadXHR File download. status=200
1506090566541	addons.productaddons	INFO	Downloaded file will be saved to C:\Users\SANDEE~1.VAD\AppData\Local\Temp\tmpaddon-280760

  org.openqa.selenium.firefox.internal.NewProfileExtensionConnection.start(NewProfileExtensionConnection.java:112)
  org.openqa.selenium.firefox.FirefoxDriver.startClient(FirefoxDriver.java:271)
  org.openqa.selenium.remote.RemoteWebDriver.<init>(RemoteWebDriver.java:119)
  org.openqa.selenium.firefox.FirefoxDriver.<init>(FirefoxDriver.java:218)
  org.openqa.selenium.firefox.FirefoxDriver.<init>(FirefoxDriver.java:211)
  org.openqa.selenium.firefox.FirefoxDriver.<init>(FirefoxDriver.java:207)
  org.openqa.selenium.firefox.FirefoxDriver.<init>(FirefoxDriver.java:120)
  com.automation.accelerators.TestEngineWeb.setWebDriverForLocal(TestEngineWeb.java:339)
  com.automation.accelerators.TestEngineWeb.beforeClass(TestEngineWeb.java:172)
  sun.reflect.NativeMethodAccessorImpl.invoke0(Native Method)
  sun.reflect.NativeMethodAccessorImpl.invoke(Unknown Source)
  sun.reflect.DelegatingMethodAccessorImpl.invoke(Unknown Source)
  java.lang.reflect.Method.invoke(Unknown Source)
  org.testng.internal.MethodInvocationHelper.invokeMethod(MethodInvocationHelper.java:85)
  org.testng.internal.Invoker.invokeConfigurationMethod(Invoker.java:510)
  org.testng.internal.Invoker.invokeConfigurations(Invoker.java:211)
  org.testng.internal.Invoker.invokeConfigurations(Invoker.java:138)
  org.testng.internal.TestMethodWorker.invokeBeforeClassMethods(TestMethodWorker.java:170)
  org.testng.internal.TestMethodWorker.run(TestMethodWorker.java:104)
  org.testng.TestRunner.privateRun(TestRunner.java:774)
  org.testng.TestRunner.run(TestRunner.java:624)
  org.testng.SuiteRunner.runTest(SuiteRunner.java:359)
  org.testng.SuiteRunner.runSequentially(SuiteRunner.java:354)
  org.testng.SuiteRunner.privateRun(SuiteRunner.java:312)
  org.testng.SuiteRunner.run(SuiteRunner.java:261)
  org.testng.SuiteRunnerWorker.runSuite(SuiteRunnerWorker.java:52)
  org.testng.SuiteRunnerWorker.run(SuiteRunnerWorker.java:86)
  org.testng.TestNG.runSuitesSequentially(TestNG.java:1215)
  org.testng.TestNG.runSuitesLocally(TestNG.java:1140)
  org.testng.TestNG.run(TestNG.java:1048)
  org.testng.remote.AbstractRemoteTestNG.run(AbstractRemoteTestNG.java:114)
  org.testng.remote.RemoteTestNG.initAndRun(RemoteTestNG.java:251)
  org.testng.remote.RemoteTestNG.main(RemoteTestNG.java:77)
]]>
      </failure>

          </testcase>
            <testcase name="afterClass" time="0.000" classname="Frontstream.scripts.CMAdminLogin">
                <failure type="java.lang.NullPointerException"
                  message="(null)"
              >
<![CDATA[java.lang.NullPointerException
  com.automation.accelerators.TestEngineWeb.afterClass(TestEngineWeb.java:236)
  sun.reflect.NativeMethodAccessorImpl.invoke0(Native Method)
  sun.reflect.NativeMethodAccessorImpl.invoke(Unknown Source)
  sun.reflect.DelegatingMethodAccessorImpl.invoke(Unknown Source)
  java.lang.reflect.Method.invoke(Unknown Source)
  org.testng.internal.MethodInvocationHelper.invokeMethod(MethodInvocationHelper.java:85)
  org.testng.internal.Invoker.invokeConfigurationMethod(Invoker.java:510)
  org.testng.internal.Invoker.invokeConfigurations(Invoker.java:211)
  org.testng.internal.Invoker.invokeConfigurations(Invoker.java:138)
  org.testng.internal.TestMethodWorker.invokeAfterClassMethods(TestMethodWorker.java:220)
  org.testng.internal.TestMethodWorker.run(TestMethodWorker.java:111)
  org.testng.TestRunner.privateRun(TestRunner.java:774)
  org.testng.TestRunner.run(TestRunner.java:624)
  org.testng.SuiteRunner.runTest(SuiteRunner.java:359)
  org.testng.SuiteRunner.runSequentially(SuiteRunner.java:354)
  org.testng.SuiteRunner.privateRun(SuiteRunner.java:312)
  org.testng.SuiteRunner.run(SuiteRunner.java:261)
  org.testng.SuiteRunnerWorker.runSuite(SuiteRunnerWorker.java:52)
  org.testng.SuiteRunnerWorker.run(SuiteRunnerWorker.java:86)
  org.testng.TestNG.runSuitesSequentially(TestNG.java:1215)
  org.testng.TestNG.runSuitesLocally(TestNG.java:1140)
  org.testng.TestNG.run(TestNG.java:1048)
  org.testng.remote.AbstractRemoteTestNG.run(AbstractRemoteTestNG.java:114)
  org.testng.remote.RemoteTestNG.initAndRun(RemoteTestNG.java:251)
  org.testng.remote.RemoteTestNG.main(RemoteTestNG.java:77)
]]>
      </failure>

          </testcase>
            <testcase name="beforeMethod" time="0.000" classname="Frontstream.scripts.CMAdminLogin">
                <failure type="java.lang.NullPointerException"
                  message="(null)"
              >
<![CDATA[java.lang.NullPointerException
  com.automation.accelerators.TestEngineWeb.beforeMethod(TestEngineWeb.java:217)
  sun.reflect.NativeMethodAccessorImpl.invoke0(Native Method)
  sun.reflect.NativeMethodAccessorImpl.invoke(Unknown Source)
  sun.reflect.DelegatingMethodAccessorImpl.invoke(Unknown Source)
  java.lang.reflect.Method.invoke(Unknown Source)
  org.testng.internal.MethodInvocationHelper.invokeMethod(MethodInvocationHelper.java:85)
  org.testng.internal.Invoker.invokeConfigurationMethod(Invoker.java:510)
  org.testng.internal.Invoker.invokeConfigurations(Invoker.java:211)
  org.testng.internal.Invoker.invokeMethod(Invoker.java:585)
  org.testng.internal.Invoker.invokeTestMethod(Invoker.java:816)
  org.testng.internal.Invoker.invokeTestMethods(Invoker.java:1124)
  org.testng.internal.TestMethodWorker.invokeTestMethods(TestMethodWorker.java:125)
  org.testng.internal.TestMethodWorker.run(TestMethodWorker.java:108)
  org.testng.TestRunner.privateRun(TestRunner.java:774)
  org.testng.TestRunner.run(TestRunner.java:624)
  org.testng.SuiteRunner.runTest(SuiteRunner.java:359)
  org.testng.SuiteRunner.runSequentially(SuiteRunner.java:354)
  org.testng.SuiteRunner.privateRun(SuiteRunner.java:312)
  org.testng.SuiteRunner.run(SuiteRunner.java:261)
  org.testng.SuiteRunnerWorker.runSuite(SuiteRunnerWorker.java:52)
  org.testng.SuiteRunnerWorker.run(SuiteRunnerWorker.java:86)
  org.testng.TestNG.runSuitesSequentially(TestNG.java:1215)
  org.testng.TestNG.runSuitesLocally(TestNG.java:1140)
  org.testng.TestNG.run(TestNG.java:1048)
  org.testng.remote.AbstractRemoteTestNG.run(AbstractRemoteTestNG.java:114)
  org.testng.remote.RemoteTestNG.initAndRun(RemoteTestNG.java:251)
  org.testng.remote.RemoteTestNG.main(RemoteTestNG.java:77)
]]>
      </failure>

          </testcase>
            <testcase name="afterMethod" time="0.000" classname="Frontstream.scripts.CMAdminLogin">
                <failure type="java.lang.NullPointerException"
                  message="(null)"
              >
<![CDATA[java.lang.NullPointerException
  com.automation.accelerators.TestEngineWeb.afterMethod(TestEngineWeb.java:264)
  sun.reflect.NativeMethodAccessorImpl.invoke0(Native Method)
  sun.reflect.NativeMethodAccessorImpl.invoke(Unknown Source)
  sun.reflect.DelegatingMethodAccessorImpl.invoke(Unknown Source)
  java.lang.reflect.Method.invoke(Unknown Source)
  org.testng.internal.MethodInvocationHelper.invokeMethod(MethodInvocationHelper.java:85)
  org.testng.internal.Invoker.invokeConfigurationMethod(Invoker.java:510)
  org.testng.internal.Invoker.invokeConfigurations(Invoker.java:211)
  org.testng.internal.Invoker.invokeMethod(Invoker.java:703)
  org.testng.internal.Invoker.invokeTestMethod(Invoker.java:816)
  org.testng.internal.Invoker.invokeTestMethods(Invoker.java:1124)
  org.testng.internal.TestMethodWorker.invokeTestMethods(TestMethodWorker.java:125)
  org.testng.internal.TestMethodWorker.run(TestMethodWorker.java:108)
  org.testng.TestRunner.privateRun(TestRunner.java:774)
  org.testng.TestRunner.run(TestRunner.java:624)
  org.testng.SuiteRunner.runTest(SuiteRunner.java:359)
  org.testng.SuiteRunner.runSequentially(SuiteRunner.java:354)
  org.testng.SuiteRunner.privateRun(SuiteRunner.java:312)
  org.testng.SuiteRunner.run(SuiteRunner.java:261)
  org.testng.SuiteRunnerWorker.runSuite(SuiteRunnerWorker.java:52)
  org.testng.SuiteRunnerWorker.run(SuiteRunnerWorker.java:86)
  org.testng.TestNG.runSuitesSequentially(TestNG.java:1215)
  org.testng.TestNG.runSuitesLocally(TestNG.java:1140)
  org.testng.TestNG.run(TestNG.java:1048)
  org.testng.remote.AbstractRemoteTestNG.run(AbstractRemoteTestNG.java:114)
  org.testng.remote.RemoteTestNG.initAndRun(RemoteTestNG.java:251)
  org.testng.remote.RemoteTestNG.main(RemoteTestNG.java:77)
]]>
      </failure>

          </testcase>
  
            <testcase name="adminlogin" time="0.0" classname="Frontstream.scripts.CMAdminLogin">
          <skipped />
    </testcase>
  
  
</testsuite>
